{"event_type": "DEMO_START", "data": {"session_id": "c71a65c66079", "timestamp": "2025-07-28T06:30:15.583276", "user": "stillwell", "platform": "Darwin", "node": "Craigs-MacBook-Pro.local", "python_version": "3.12.9"}}
{"event_type": "DEMO_START", "data": {"session_id": "c71a65c66079", "timestamp": "2025-07-28T06:30:22.640797", "user": "stillwell", "platform": "Darwin", "node": "Craigs-MacBook-Pro.local", "python_version": "3.12.9"}}
{"event_type": "PREDICTION", "data": {"session_id": "c71a65c66079", "timestamp": "2025-07-28T06:30:22.678903", "model_type": "Random Forest", "sample_type": "Cancer Sample", "confidence": 0.8856916083916084}}
{"event_type": "DEMO_START", "data": {"session_id": "dd1e81cb242b", "timestamp": "2025-08-10T13:31:11.887606", "user": "stillwell", "platform": "Darwin", "node": "Craigs-MacBook-Pro.local", "python_version": "3.12.9"}}
{"event_type": "DEMO_START", "data": {"session_id": "dd1e81cb242b", "timestamp": "2025-08-10T13:31:19.669113", "user": "stillwell", "platform": "Darwin", "node": "Craigs-MacBook-Pro.local", "python_version": "3.12.9"}}
{"event_type": "DEMO_START", "data": {"session_id": "dd1e81cb242b", "timestamp": "2025-08-10T13:31:23.031084", "user": "stillwell", "platform": "Darwin", "node": "Craigs-MacBook-Pro.local", "python_version": "3.12.9"}}
{"event_type": "DEMO_START", "data": {"session_id": "dd1e81cb242b", "timestamp": "2025-08-10T13:31:25.189290", "user": "stillwell", "platform": "Darwin", "node": "Craigs-MacBook-Pro.local", "python_version": "3.12.9"}}
{"event_type": "PREDICTION", "data": {"session_id": "dd1e81cb242b", "timestamp": "2025-08-10T13:31:25.238097", "model_type": "Real TCGA Logistic Regression (97.6%)", "sample_type": "Control Sample", "confidence": 0.2472645717956566}}
{"event_type": "DEMO_START", "data": {"session_id": "dd1e81cb242b", "timestamp": "2025-08-10T13:33:38.560253", "user": "stillwell", "platform": "Darwin", "node": "Craigs-MacBook-Pro.local", "python_version": "3.12.9"}}
{"event_type": "DEMO_START", "data": {"session_id": "beb4c149d142", "timestamp": "2025-08-10T13:36:22.972177", "user": "stillwell", "platform": "Darwin", "node": "Craigs-MacBook-Pro.local", "python_version": "3.12.9"}}
{"event_type": "DEMO_START", "data": {"session_id": "beb4c149d142", "timestamp": "2025-08-10T13:36:42.471799", "user": "stillwell", "platform": "Darwin", "node": "Craigs-MacBook-Pro.local", "python_version": "3.12.9"}}
{"event_type": "DEMO_START", "data": {"session_id": "beb4c149d142", "timestamp": "2025-08-10T13:36:44.044950", "user": "stillwell", "platform": "Darwin", "node": "Craigs-MacBook-Pro.local", "python_version": "3.12.9"}}
{"event_type": "PREDICTION", "data": {"session_id": "beb4c149d142", "timestamp": "2025-08-10T13:36:44.118237", "model_type": "Real TCGA Logistic Regression (99.1%)", "sample_type": "Control Sample", "confidence": 0.2472645717956566}}
{"event_type": "DEMO_START", "data": {"session_id": "beb4c149d142", "timestamp": "2025-08-10T13:36:59.600585", "user": "stillwell", "platform": "Darwin", "node": "Craigs-MacBook-Pro.local", "python_version": "3.12.9"}}
{"event_type": "DEMO_START", "data": {"session_id": "beb4c149d142", "timestamp": "2025-08-10T13:37:00.874177", "user": "stillwell", "platform": "Darwin", "node": "Craigs-MacBook-Pro.local", "python_version": "3.12.9"}}
{"event_type": "PREDICTION", "data": {"session_id": "beb4c149d142", "timestamp": "2025-08-10T13:37:00.912872", "model_type": "Real TCGA Logistic Regression (99.1%)", "sample_type": "Cancer Sample", "confidence": 0.5441217186341395}}
{"event_type": "DEMO_START", "data": {"session_id": "1b38a384392d", "timestamp": "2025-08-10T13:39:55.217631", "user": "stillwell", "platform": "Darwin", "node": "Craigs-MacBook-Pro.local", "python_version": "3.12.9"}}
{"event_type": "DEMO_START", "data": {"session_id": "42ae29fe8d22", "timestamp": "2025-08-10T13:42:26.558170", "user": "stillwell", "platform": "Darwin", "node": "Craigs-MacBook-Pro.local", "python_version": "3.12.9"}}
{"event_type": "DEMO_START", "data": {"session_id": "42ae29fe8d22", "timestamp": "2025-08-10T13:42:39.057026", "user": "stillwell", "platform": "Darwin", "node": "Craigs-MacBook-Pro.local", "python_version": "3.12.9"}}
{"event_type": "DEMO_START", "data": {"session_id": "42ae29fe8d22", "timestamp": "2025-08-10T13:42:40.579575", "user": "stillwell", "platform": "Darwin", "node": "Craigs-MacBook-Pro.local", "python_version": "3.12.9"}}
{"event_type": "PREDICTION", "data": {"session_id": "42ae29fe8d22", "timestamp": "2025-08-10T13:42:40.643333", "model_type": "Production LightGBM + SMOTE (95.0%)", "sample_type": "Cancer Sample", "confidence": 0.48972132530256895}}
{"event_type": "DEMO_START", "data": {"session_id": "1c4816f13f7a", "timestamp": "2025-08-10T13:44:52.105717", "user": "stillwell", "platform": "Darwin", "node": "Craigs-MacBook-Pro.local", "python_version": "3.12.9"}}
{"event_type": "DEMO_START", "data": {"session_id": "1c4816f13f7a", "timestamp": "2025-08-10T13:44:58.898462", "user": "stillwell", "platform": "Darwin", "node": "Craigs-MacBook-Pro.local", "python_version": "3.12.9"}}
{"event_type": "DEMO_START", "data": {"session_id": "1c4816f13f7a", "timestamp": "2025-08-10T13:44:59.894524", "user": "stillwell", "platform": "Darwin", "node": "Craigs-MacBook-Pro.local", "python_version": "3.12.9"}}
{"event_type": "PREDICTION", "data": {"session_id": "1c4816f13f7a", "timestamp": "2025-08-10T13:44:59.938733", "model_type": "Production LightGBM + SMOTE (95.0%)", "sample_type": "Control Sample", "confidence": 0.46265388700878474}}
{"event_type": "DEMO_START", "data": {"session_id": "e01429943f7a", "timestamp": "2025-08-10T13:46:12.780265", "user": "stillwell", "platform": "Darwin", "node": "Craigs-MacBook-Pro.local", "python_version": "3.12.9"}}
{"event_type": "DEMO_START", "data": {"session_id": "e01429943f7a", "timestamp": "2025-08-10T13:46:16.784841", "user": "stillwell", "platform": "Darwin", "node": "Craigs-MacBook-Pro.local", "python_version": "3.12.9"}}
{"event_type": "PREDICTION", "data": {"session_id": "e01429943f7a", "timestamp": "2025-08-10T13:46:16.833176", "model_type": "Production LightGBM + SMOTE (95.0%)", "sample_type": "Cancer Sample", "confidence": 0.48972132530256895}}
{"event_type": "DEMO_START", "data": {"session_id": "c650e8a07084", "timestamp": "2025-08-10T13:48:09.080381", "user": "stillwell", "platform": "Darwin", "node": "Craigs-MacBook-Pro.local", "python_version": "3.12.9"}}
{"event_type": "DEMO_START", "data": {"session_id": "cbc4837f72f9", "timestamp": "2025-08-10T13:49:32.732739", "user": "stillwell", "platform": "Darwin", "node": "Craigs-MacBook-Pro.local", "python_version": "3.12.9"}}
{"event_type": "DEMO_START", "data": {"session_id": "cbc4837f72f9", "timestamp": "2025-08-10T13:49:42.954674", "user": "stillwell", "platform": "Darwin", "node": "Craigs-MacBook-Pro.local", "python_version": "3.12.9"}}
{"event_type": "PREDICTION", "data": {"session_id": "cbc4837f72f9", "timestamp": "2025-08-10T13:49:42.985096", "model_type": "Production LightGBM + SMOTE (95.0%)", "sample_type": "Cancer Sample", "confidence": 0.48972132530256895}}
